<?xml version="1.0" encoding="UTF-8"?>
<!-- Generated by org.testng.reporters.JUnitReportReporter -->
<testsuite skipped="0" hostname="Vijay-PC" name="com.tusharTest.LoginTest" tests="7" failures="0" timestamp="20 Oct 2020 04:45:18 GMT" time="22.581" errors="0">
  <testcase name="test01" time="21.656" classname="com.tusharTest.LoginTest"/>
  <testcase name="homeTest" time="0.354" classname="com.tusharTest.LoginTest"/>
  <testcase name="adduserTest" time="0.327" classname="com.tusharTest.LoginTest"/>
  <testcase name="verifyUsernameLable" time="0.115" classname="com.tusharTest.LoginTest"/>
  <testcase name="verifyMobile" time="0.037" classname="com.tusharTest.LoginTest"/>
  <testcase name="verifyEmail" time="0.050" classname="com.tusharTest.LoginTest"/>
  <testcase name="verifyCourse" time="0.042" classname="com.tusharTest.LoginTest"/>
</testsuite> <!-- com.tusharTest.LoginTest -->
